IQ-TREE multicore version 2.3.6 for MacOS ARM 64-bit built Jul 30 2024
Developed by Bui Quang Minh, Nguyen Lam Tung, Olga Chernomor, Heiko Schmidt,
Dominik Schrempf, Michael Woodhams, Ly Trong Nhan, Thomas Wong

Host:    Stephanie-Mac-Studio.local (SSE4.2, 64 GB RAM)
Command: iqtree2 -s HN_paramyxo.translated_blastp_mafftdash-cut.fasta -B 1000 -alrt 1000 --redo -T AUTO
Seed:    192329 (Using SPRNG - Scalable Parallel Random Number Generator)
Time:    Tue Mar 25 11:20:04 2025
Kernel:  SSE2 - auto-detect threads (10 CPU cores detected)

Reading alignment file HN_paramyxo.translated_blastp_mafftdash-cut.fasta ... Fasta format detected
Reading fasta file: done in 0.00160599 secs using 90.66% CPU
Alignment most likely contains protein sequences
Alignment has 96 sequences with 743 columns, 729 distinct patterns
605 parsimony-informative, 81 singleton sites, 57 constant sites
                                                              Gap/Ambiguity  Composition  p-value
Analyzing sequences: done in 0.000188828 secs using 135% CPU
   1  ON637881_Pigeon-paramyxovirus-1                                25.17%    passed     40.26%
   2  MK677431_Avian-metaavulavirus-22                               24.50%    passed     96.25%
   3  MK677431_Avian-metaavulavirus-21                               24.50%    passed     96.65%
   4  OQ236149_Tiger-orthorubulavirus                                24.36%    passed     11.28%
   5  PP990581_Bat-paramyxovirus_Miniopterus-fuliginosus             25.98%    passed     87.08%
   6  OL630969_Bat-paramyxovirus_Hipposideros-armiger                25.44%    passed     71.98%
   7  MG203876_Bat-paramyxovirus_Miniopterus-griveaudi               55.85%    passed     25.82%
   8  MT062420_Achimota-pararubulavirus-3                            24.09%    passed     44.07%
   9  KT749883_Porcine-parainfluenza-virus                           27.19%    passed     50.79%
  10  PP712035_Rousettus-bat-paramyxovirus                           24.63%    failed      2.55%
  11  KY100867_Orthorubulavirus-suis                                 24.63%    failed      0.40%
  12  PQ881840_Mammalian-orthorubulavirus-5_Pseudois-nayaur          24.36%    passed     27.70%
  13  MH370862_Mammalian-orthorubulavirus-5_Panthera-tigris-tigris   24.36%    passed     24.65%
  14  MK028670_Mammalian-orthorubulavirus-5_Porcine                  24.36%    passed     25.06%
  15  MG921602_Mammalian-orthorubulavirus-5_Pangolin                 24.36%    passed     24.14%
  16  MT604001_Mammalian-orthorubulavirus-5_dog                      24.36%    passed     51.50%
  17  HQ660095_Bat                                                   24.50%    passed     56.25%
  18  MZ328287_Wufeng-Rhinolophus-sinicus-rubulavirus-1              23.55%    passed     57.31%
  19  MZ355765_Eptesicus_fuscus                                      24.09%    passed     79.29%
  20  AB040874_Mumps_orthorubul                                      24.36%    passed     81.34%
  21  AB195968_Respirovirus_mur                                      26.92%    passed     82.33%
  22  AB543336_Human_parainflue                                      24.09%    passed     14.56%
  23  AF014953_Canine_distemper                                      21.67%    passed     21.32%
  24  AF017149_Hendra_virus                                          24.36%    passed     57.59%
  25  AF052755_Parainfluenza_vi                                      24.36%    passed     15.89%
  26  AF079780_Tupaia_paramyxov                                      21.67%    passed     65.00%
  27  AF178654_Bovine_parainflu                                      26.38%    passed      5.53%
  28  AF212302_Nipah_virus                                           24.36%    passed     41.10%
  29  AF298895_Tioman_virus                                          24.36%    passed     88.50%
  30  AF457102_Human_parainflue                                      26.92%    passed     24.86%
  31  AJ608288_Dolphin_morbilli                                      21.67%    failed      0.58%
  32  AJ849636_Peste_des_petits                                      21.13%    failed      0.00%
  33  AY141760_Fer-de-lance_vir                                      27.59%    passed     17.56%
  34  AY286409_Mossman_virus                                         18.98%    passed     70.77%
  35  AY562991_Newcastle_diseas                                      25.17%    passed     14.19%
  36  AY900001_J-virus                                               25.98%    passed     49.43%
  37  BK005918_La_Piedad_Michoa                                      24.63%    failed      0.35%
  38  DQ100461_Beilong_virus                                         25.98%    passed     48.75%
  39  EF095490_Mapuera_virus                                         24.63%    passed     81.09%
  40  EF569970_Avian_paramyxovi                                      24.09%    passed     45.14%
  41  EU156171_Atlantic_salmon_                                      27.05%    failed      2.60%
  42  EU326526_Human_parainflue                                      26.38%    passed     11.55%
  43  EU338414_Avian_paramyxovi                                      24.09%    passed     95.83%
  44  EU782025_Avian_paramyxovi                                      23.82%    passed     22.29%
  45  EU877976_Avian_paramyxovi                                      24.90%    passed     94.20%
  46  EU910942_Avian_paramyxovi                                      25.17%    passed      8.12%
  47  FJ215863_Avian_paramyxovi                                      24.09%    passed     43.65%
  48  FJ231524_Avian_paramyxovi                                      24.50%    passed     86.51%
  49  FJ362497_Nariva_virus                                          19.52%    passed      5.57%
  50  GU128080_Tuhoko_virus_1                                        24.36%    passed     79.41%
  51  GU128081_Tuhoko_virus_2                                        24.36%    passed     88.48%
  52  GU128082_Tuhoko_virus_3                                        24.36%    passed     48.90%
  53  GU206351_Avian_paramyxovi                                      24.09%    passed     49.79%
  54  HM147142_Avian_paramyxovi                                      24.09%    passed     98.67%
  55  HQ660129_Bat_Paramyxoviru                                      24.09%    passed     33.03%
  56  JN689227_Tailam_virus                                          25.98%    passed     35.79%
  57  JQ001776_Cedar_virus                                           24.63%    failed      0.12%
  58  JQ411014_Feline_morbilliv                                      22.75%    failed      0.49%
  59  JQ697837_Salem_virus                                           21.40%    passed     66.34%
  60  JQ886184_Avian_paramyxovi                                      23.28%    passed     94.08%
  61  JX051319_Achimota_virus_1                                      24.36%    passed     26.69%
  62  JX051320_Achimota_virus_2                                      24.09%    passed     24.70%
  63  JX112711_Menangle_virus                                        24.36%    passed     61.34%
  64  JX857409_Porcine_parainfl                                      26.92%    passed     52.44%
  65  KC333050_Avian_paramyxovi                                      25.17%    passed      6.64%
  66  KC802221_Phocine_distempe                                      21.67%    failed      4.72%
  67  KF278639_Mojiang_virus                                         23.28%    failed      4.35%
  68  KF774436_Sosuga_virus                                          24.36%    passed     34.51%
  69  KP271124_Teviot_virus                                          24.36%    passed     24.22%
  70  KT215610_Caprine_parainfl                                      26.11%    failed      4.31%
  71  KX258200_Avian_paramyxovi                                      24.09%    passed     94.93%
  72  KX932454_Avian_paramyxovi                                      24.09%    passed     99.94%
  73  KY452442_Antarctic_pengui                                      25.17%    passed      7.08%
  74  KY452443_Antarctic_pengui                                      25.17%    passed     42.68%
  75  KY452444_Antarctic_pengui                                      25.17%    passed     48.02%
  76  KY511044_Avian_paramyxovi                                      25.17%    passed     75.70%
  77  LC041132_Avian_paramyxovi                                      25.17%    passed     94.99%
  78  LS992584_Giant_squirrel_r                                      26.92%    passed     85.99%
  79  MF033136_Avian_paramyxovi                                      24.09%    passed     99.66%
  80  MF594598_Avian_paramyxovi                                      25.17%    failed      0.13%
  81  MF943130_Bank_vole_virus_                                      20.32%    passed     44.90%
  82  MG230624_Shaan_virus                                           25.98%    passed     91.94%
  83  MG516455_Pohorje_myodes_p                                      25.98%    passed     49.57%
  84  MG573140_Mount_Mabu_Lophu                                      26.78%    passed     45.37%
  85  MG573141_Mount_Mabu_Lophu                                      25.98%    passed     97.48%
  86  MH828709_Human_parainflue                                      24.09%    passed      8.21%
  87  MH900516_Pacific_salmon_p                                      27.05%    failed      0.81%
  88  MH972568_Alston_virus                                          24.36%    passed     56.95%
  89  MN306032_Human_parainflue                                      24.09%    passed      8.14%
  90  MN630055_Mumps_virus                                           24.36%    passed     79.29%
  91  PP189887_Parainfluenza_vi                                      24.36%    passed     14.18%
  92  PQ621733_Human_orthorubul                                      24.09%    passed     27.82%
  93  X57559_Parainfluenza_type                                      24.09%    passed     30.77%
  94  X64275_Simian_parainfluen                                      24.09%    failed      0.21%
  95  X98291_Rinderpest_virus                                        21.13%    passed      5.20%
  96  NC_001498_Measles                                              21.13%    failed      3.92%
WARNING: 1 sequences contain more than 50% gaps/ambiguity
****  TOTAL                                                          24.74%  15 sequences failed composition chi2 test (p-value<5%; df=19)


Create initial parsimony tree by phylogenetic likelihood library (PLL)... 0.030 seconds
Measuring multi-threading efficiency up to 10 CPU cores
Increase to 10 rounds for branch lengths
3 trees examined
Threads: 1 / Time: 10.695 sec / Speedup: 1.000 / Efficiency: 100% / LogL: -116740
Threads: 2 / Time: 7.352 sec / Speedup: 1.455 / Efficiency: 73% / LogL: -116740
Threads: 3 / Time: 5.144 sec / Speedup: 2.079 / Efficiency: 69% / LogL: -116740
Threads: 4 / Time: 4.258 sec / Speedup: 2.512 / Efficiency: 63% / LogL: -116740
Threads: 5 / Time: 4.246 sec / Speedup: 2.519 / Efficiency: 50% / LogL: -116740
Threads: 6 / Time: 5.533 sec / Speedup: 1.933 / Efficiency: 32% / LogL: -116740
BEST NUMBER OF THREADS: 4

Perform fast likelihood tree search using LG+I+G model...
Estimate model parameters (epsilon = 5.000)
Perform nearest neighbor interchange...
Estimate model parameters (epsilon = 1.000)
1. Initial log-likelihood: -81513.377
Optimal log-likelihood: -81513.267
Proportion of invariable sites: 0.008
Gamma shape alpha: 1.971
Parameters optimization took 1 rounds (0.576 sec)
Time for fast ML tree search: 5.593 seconds

NOTE: ModelFinder requires 114 MB RAM!
ModelFinder will test up to 1232 protein models (sample size: 743 epsilon: 0.100) ...
 No. Model         -LnL         df  AIC          AICc         BIC
  1  LG            83618.629    189 167615.258   167745.131   168486.679
  2  LG+I          83422.465    190 167224.929   167356.415   168100.961
  3  LG+G4         81566.564    190 163513.129   163644.614   164389.161
  4  LG+I+G4       81513.256    191 163408.512   163541.623   164289.155
  5  LG+R2         81963.418    191 164308.836   164441.947   165189.479
  6  LG+R3         81605.899    193 163597.799   163734.199   164487.663
  7  LG+R4         81529.610    195 163449.220   163588.964   164348.305
  8  LG+R5         81492.007    197 163378.014   163521.155   164286.321
  9  LG+R6         81485.946    199 163369.891   163516.484   164287.420
 14  LG+I+R2       81854.189    192 164092.378   164227.127   164977.631
 15  LG+I+R3       81549.791    194 163487.582   163625.648   164382.057
 16  LG+I+R4       81490.279    196 163372.558   163513.994   164276.255
 17  LG+I+R5       81459.459    198 163314.919   163459.779   164227.837
 18  LG+I+R6       81455.618    200 163311.235   163459.575   164233.374
 39  LG+F+I+R5     81180.943    217 162795.885   162976.098   163796.406
 40  LG+F+I+R6     81177.106    219 162792.211   162976.456   163801.954
 61  WAG+I+R5      81545.143    198 163486.286   163631.146   164399.204
 62  WAG+I+R6      81544.335    200 163488.669   163637.009   164410.808
 83  WAG+F+I+R5    80977.624    217 162389.247   162569.461   163389.768
 84  WAG+F+I+R6    80975.943    219 162389.885   162574.130   163399.627
105  JTT+I+R5      81937.968    198 164271.935   164416.795   165184.853
106  JTT+I+R6      81937.143    200 164274.286   164422.626   165196.425
127  JTT+F+I+R5    81649.497    217 163732.993   163913.206   164733.514
128  JTT+F+I+R6    81648.931    219 163735.861   163920.106   164745.604
WARNING: Normalizing state frequencies so that sum of them equals to 1
149  Q.pfam+I+R5   81432.582    198 163261.164   163406.024   164174.081
WARNING: Normalizing state frequencies so that sum of them equals to 1
150  Q.pfam+I+R6   81427.293    200 163254.586   163402.925   164176.725
WARNING: Normalizing state frequencies so that sum of them equals to 1
171  Q.pfam+F+I+R5 81240.356    217 162914.712   163094.926   163915.233
WARNING: Normalizing state frequencies so that sum of them equals to 1
172  Q.pfam+F+I+R6 81235.150    219 162908.299   163092.544   163918.042
WARNING: Normalizing state frequencies so that sum of them equals to 1
193  Q.bird+I+R5   83616.144    198 167628.288   167773.149   168541.206
WARNING: Normalizing state frequencies so that sum of them equals to 1
194  Q.bird+I+R6   83609.858    200 167619.715   167768.055   168541.855
WARNING: Normalizing state frequencies so that sum of them equals to 1
215  Q.bird+F+I+R5 83255.176    217 166944.352   167124.566   167944.873
WARNING: Normalizing state frequencies so that sum of them equals to 1
216  Q.bird+F+I+R6 83245.506    219 166929.012   167113.257   167938.755
WARNING: Normalizing state frequencies so that sum of them equals to 1
237  Q.mammal+I+R5 83075.061    198 166546.123   166690.983   167459.040
WARNING: Normalizing state frequencies so that sum of them equals to 1
238  Q.mammal+I+R6 83064.463    200 166528.926   166677.265   167451.065
WARNING: Normalizing state frequencies so that sum of them equals to 1
259  Q.mammal+F+I+R5 82675.524    217 165785.047   165965.261   166785.568
WARNING: Normalizing state frequencies so that sum of them equals to 1
260  Q.mammal+F+I+R6 82666.057    219 165770.113   165954.358   166779.856
281  Q.insect+I+R5 81554.623    198 163505.247   163650.107   164418.165
282  Q.insect+I+R6 81550.143    200 163500.286   163648.625   164422.425
303  Q.insect+F+I+R5 81654.700    217 163743.401   163923.614   164743.922
304  Q.insect+F+I+R6 81650.193    219 163738.386   163922.631   164748.128
WARNING: Normalizing state frequencies so that sum of them equals to 1
325  Q.plant+I+R5  82412.246    198 165220.491   165365.352   166133.409
WARNING: Normalizing state frequencies so that sum of them equals to 1
326  Q.plant+I+R6  82406.782    200 165213.563   165361.903   166135.703
WARNING: Normalizing state frequencies so that sum of them equals to 1
347  Q.plant+F+I+R5 82253.329    217 164940.659   165120.872   165941.180
WARNING: Normalizing state frequencies so that sum of them equals to 1
348  Q.plant+F+I+R6 82246.294    219 164930.589   165114.833   165940.331
WARNING: Normalizing state frequencies so that sum of them equals to 1
369  Q.yeast+I+R5  81362.013    198 163120.027   163264.887   164032.945
WARNING: Normalizing state frequencies so that sum of them equals to 1
370  Q.yeast+I+R6  81356.430    200 163112.861   163261.200   164035.000
WARNING: Normalizing state frequencies so that sum of them equals to 1
391  Q.yeast+F+I+R5 81503.137    217 163440.275   163620.488   164440.796
WARNING: Normalizing state frequencies so that sum of them equals to 1
392  Q.yeast+F+I+R6 81497.372    219 163432.745   163616.990   164442.487
413  JTTDCMut+I+R5 81938.189    198 164272.378   164417.239   165185.296
414  JTTDCMut+I+R6 81937.756    200 164275.511   164423.851   165197.650
435  JTTDCMut+F+I+R5 81635.754    217 163705.508   163885.721   164706.029
436  JTTDCMut+F+I+R6 81635.101    219 163708.201   163892.446   164717.943
457  DCMut+I+R5    82773.721    198 165943.443   166088.303   166856.361
+I+R6 reinitialized from +I+R5 with factor 0.500
+I+R6 reinitialized from +I+R5 with factor 0.250
458  DCMut+I+R6    82773.791    200 165947.583   166095.922   166869.722
479  DCMut+F+I+R5  81609.021    217 163652.042   163832.256   164652.563
480  DCMut+F+I+R6  81609.021    219 163656.042   163840.287   164665.785
501  VT+I+R5       81326.634    198 163049.267   163194.127   163962.185
502  VT+I+R6       81326.203    200 163052.406   163200.745   163974.545
523  VT+F+I+R5     81115.307    217 162664.614   162844.827   163665.135
524  VT+F+I+R6     81114.764    219 162667.529   162851.773   163677.271
545  PMB+I+R5      81615.694    198 163627.389   163772.249   164540.307
546  PMB+I+R6      81612.871    200 163625.742   163774.082   164547.881
567  PMB+F+I+R5    81180.886    217 162795.772   162975.986   163796.293
568  PMB+F+I+R6    81177.302    219 162792.603   162976.848   163802.346
589  Blosum62+I+R5 81630.898    198 163657.797   163802.657   164570.715
590  Blosum62+I+R6 81628.768    200 163657.536   163805.876   164579.676
611  Blosum62+F+I+R5 81165.965    217 162765.930   162946.144   163766.451
612  Blosum62+F+I+R6 81163.170    219 162764.340   162948.584   163774.082
633  Dayhoff+I+R5  82778.620    198 165953.240   166098.100   166866.158
634  Dayhoff+I+R6  82778.632    200 165957.263   166105.603   166879.402
655  Dayhoff+F+I+R5 81612.345    217 163658.691   163838.904   164659.212
656  Dayhoff+F+I+R6 81612.390    219 163662.781   163847.026   164672.523
677  mtREV+I+R5    84699.268    198 169794.535   169939.395   170707.453
678  mtREV+I+R6    84691.793    200 169783.585   169931.925   170705.725
699  mtREV+F+I+R5  82797.803    217 166029.606   166209.820   167030.128
700  mtREV+F+I+R6  82794.882    219 166027.765   166212.009   167037.507
721  mtART+I+R5    85649.979    198 171695.957   171840.817   172608.875
722  mtART+I+R6    85638.716    200 171677.433   171825.772   172599.572
743  mtART+F+I+R5  83540.866    217 167515.732   167695.945   168516.253
744  mtART+F+I+R6  83521.968    219 167481.935   167666.180   168491.678
765  mtZOA+I+R5    84308.791    198 169013.582   169158.442   169926.500
766  mtZOA+I+R6    84295.514    200 168991.027   169139.367   169913.166
787  mtZOA+F+I+R5  82672.463    217 165778.926   165959.140   166779.447
788  mtZOA+F+I+R6  82659.877    219 165757.755   165941.999   166767.497
809  mtMet+I+R5    84620.851    198 169637.703   169782.563   170550.621
810  mtMet+I+R6    84611.762    200 169623.524   169771.864   170545.664
831  mtMet+F+I+R5  82711.929    217 165857.858   166038.072   166858.379
832  mtMet+F+I+R6  82706.000    219 165850.000   166034.245   166859.742
853  mtVer+I+R5    85425.939    198 171247.877   171392.737   172160.795
854  mtVer+I+R6    85415.545    200 171231.091   171379.430   172153.230
875  mtVer+F+I+R5  83732.716    217 167899.432   168079.646   168899.953
876  mtVer+F+I+R6  83727.150    219 167892.300   168076.544   168902.042
897  mtInv+I+R5    84888.113    198 170172.227   170317.087   171085.144
898  mtInv+I+R6    84884.134    200 170168.268   170316.608   171090.407
919  mtInv+F+I+R5  82120.769    217 164675.538   164855.751   165676.059
920  mtInv+F+I+R6  82115.631    219 164669.262   164853.507   165679.005
941  mtMAM+I+R5    86576.116    198 173548.233   173693.093   174461.151
942  mtMAM+I+R6    86556.375    200 173512.751   173661.090   174434.890
963  mtMAM+F+I+R5  84439.582    217 169313.164   169493.377   170313.685
964  mtMAM+F+I+R6  84426.586    219 169291.173   169475.417   170300.915
WARNING: Normalizing state frequencies so that sum of them equals to 1
985  FLAVI+I+R5    84641.120    198 169678.240   169823.100   170591.158
WARNING: Normalizing state frequencies so that sum of them equals to 1
986  FLAVI+I+R6    84622.902    200 169645.804   169794.143   170567.943
WARNING: Normalizing state frequencies so that sum of them equals to 1
1007  FLAVI+F+I+R5  84148.240    217 168730.479   168910.693   169731.000
WARNING: Normalizing state frequencies so that sum of them equals to 1
1008  FLAVI+F+I+R6  84130.456    219 168698.911   168883.156   169708.654
1029  HIVb+I+R5     83249.364    198 166894.729   167039.589   167807.646
1030  HIVb+I+R6     83245.779    200 166891.559   167039.898   167813.698
1051  HIVb+F+I+R5   83019.521    217 166473.043   166653.256   167473.564
1052  HIVb+F+I+R6   83012.948    219 166463.896   166648.141   167473.639
1073  HIVw+I+R5     84808.374    198 170012.748   170157.608   170925.666
1074  HIVw+I+R6     84790.434    200 169980.868   170129.208   170903.008
1095  HIVw+F+I+R5   83890.380    217 168214.761   168394.974   169215.282
1096  HIVw+F+I+R6   83876.969    219 168191.939   168376.183   169201.681
1117  FLU+I+R5      81672.385    198 163740.770   163885.631   164653.688
1118  FLU+I+R6      81662.478    200 163724.956   163873.296   164647.095
1139  FLU+F+I+R5    81494.108    217 163422.216   163602.429   164422.737
1140  FLU+F+I+R6    81480.732    219 163399.464   163583.709   164409.207
1161  rtREV+I+R5    81874.060    198 164144.120   164288.980   165057.038
1162  rtREV+I+R6    81868.464    200 164136.928   164285.268   165059.068
1183  rtREV+F+I+R5  81431.613    217 163297.227   163477.440   164297.748
1184  rtREV+F+I+R6  81423.914    219 163285.828   163470.073   164295.570
1205  cpREV+I+R5    81743.277    198 163882.553   164027.413   164795.471
1206  cpREV+I+R6    81733.993    200 163867.987   164016.326   164790.126
1227  cpREV+F+I+R5  81732.625    217 163899.251   164079.464   164899.772
1228  cpREV+F+I+R6  81721.366    219 163880.731   164064.976   164890.474
Akaike Information Criterion:           WAG+F+I+R5
Corrected Akaike Information Criterion: WAG+F+I+R5
Bayesian Information Criterion:         WAG+F+I+R5
Best-fit model: WAG+F+I+R5 chosen according to BIC

All model information printed to HN_paramyxo.translated_blastp_mafftdash-cut.fasta.model.gz
CPU time for ModelFinder: 5896.229 seconds (1h:38m:16s)
Wall-clock time for ModelFinder: 2485.403 seconds (0h:41m:25s)
Generating 1000 samples for ultrafast bootstrap (seed: 192329)...

NOTE: 58 MB RAM (0 GB) is required!
Estimate model parameters (epsilon = 0.100)
1. Initial log-likelihood: -80989.557
2. Current log-likelihood: -80978.347
3. Current log-likelihood: -80977.784
Optimal log-likelihood: -80977.668
Proportion of invariable sites: 0.008
Site proportion and rates:  (0.101,0.229) (0.197,0.486) (0.277,0.794) (0.334,1.408) (0.083,2.306)
Parameters optimization took 3 rounds (8.866 sec)
Wrote distance file to... 
Computing ML distances based on estimated model parameters...
Calculating distance matrix: done in 1.23128 secs using 350.5% CPU
Computing ML distances took 1.231616 sec (of wall-clock time) 4.315944 sec (of CPU time)
Setting up auxiliary I and S matrices: done in 0.000413895 secs using 151.5% CPU
Computing RapidNJ tree took 0.015622 sec (of wall-clock time) 0.004213 sec (of CPU time)
Log-likelihood of RapidNJ tree: -80995.095
--------------------------------------------------------------------
|             INITIALIZING CANDIDATE TREE SET                      |
--------------------------------------------------------------------
Generating 98 parsimony trees... 2.770 second
Computing log-likelihood of 98 initial trees ... 40.926 seconds
Current best score: -80977.668

Do NNI search on 20 best initial trees
Estimate model parameters (epsilon = 0.100)
BETTER TREE FOUND at iteration 1: -80976.178
Estimate model parameters (epsilon = 0.100)
BETTER TREE FOUND at iteration 10: -80971.461
Iteration 10 / LogL: -80971.461 / Time: 0h:43m:23s
Iteration 20 / LogL: -80976.301 / Time: 0h:44m:26s
Finish initializing candidate tree set (4)
Current best tree score: -80971.461 / CPU time: 167.918
Number of iterations: 20
--------------------------------------------------------------------
|               OPTIMIZING CANDIDATE TREE SET                      |
--------------------------------------------------------------------
Iteration 30 / LogL: -81091.038 / Time: 0h:46m:5s (0h:12m:51s left)
Iteration 40 / LogL: -80972.754 / Time: 0h:47m:43s (0h:11m:18s left)
Iteration 50 / LogL: -80971.622 / Time: 0h:49m:20s (0h:9m:41s left)
Log-likelihood cutoff on original alignment: -81005.671
Iteration 60 / LogL: -80971.797 / Time: 0h:51m:0s (0h:8m:7s left)
Iteration 70 / LogL: -80978.762 / Time: 0h:52m:43s (0h:6m:32s left)
Iteration 80 / LogL: -80971.849 / Time: 0h:54m:23s (0h:4m:55s left)
Iteration 90 / LogL: -80973.163 / Time: 0h:56m:4s (0h:3m:17s left)
Iteration 100 / LogL: -80971.698 / Time: 0h:57m:41s (0h:1m:38s left)
Log-likelihood cutoff on original alignment: -81006.623
NOTE: Bootstrap correlation coefficient of split occurrence frequencies: 0.999
Iteration 110 / LogL: -80972.797 / Time: 0h:59m:26s (0h:14m:52s left)
TREE SEARCH COMPLETED AFTER 111 ITERATIONS / Time: 0h:59m:36s

--------------------------------------------------------------------
|                    FINALIZING TREE SEARCH                        |
--------------------------------------------------------------------
Performs final model parameters optimization
Estimate model parameters (epsilon = 0.010)
1. Initial log-likelihood: -80971.461
Optimal log-likelihood: -80971.458
Proportion of invariable sites: 0.008
Site proportion and rates:  (0.101,0.227) (0.187,0.478) (0.282,0.784) (0.334,1.395) (0.088,2.278)
Parameters optimization took 1 rounds (1.613 sec)
BEST SCORE FOUND : -80971.458

Testing tree branches by SH-like aLRT with 1000 replicates...
2.643 sec.
Creating bootstrap support values...
Split supports printed to NEXUS file HN_paramyxo.translated_blastp_mafftdash-cut.fasta.splits.nex
Total tree length: 62.569

Total number of iterations: 111
CPU time used for tree search: 1858.221 sec (0h:30m:58s)
Wall-clock time used for tree search: 1077.744 sec (0h:17m:57s)
Total CPU time used: 7794.189 sec (2h:9m:54s)
Total wall-clock time used: 3581.066 sec (0h:59m:41s)

Computing bootstrap consensus tree...
Reading input file HN_paramyxo.translated_blastp_mafftdash-cut.fasta.splits.nex...
96 taxa and 289 splits.
Consensus tree written to HN_paramyxo.translated_blastp_mafftdash-cut.fasta.contree
Reading input trees file HN_paramyxo.translated_blastp_mafftdash-cut.fasta.contree
Log-likelihood of consensus tree: -95615.455

Analysis results written to: 
  IQ-TREE report:                HN_paramyxo.translated_blastp_mafftdash-cut.fasta.iqtree
  Maximum-likelihood tree:       HN_paramyxo.translated_blastp_mafftdash-cut.fasta.treefile
  Likelihood distances:          HN_paramyxo.translated_blastp_mafftdash-cut.fasta.mldist

Ultrafast bootstrap approximation results written to:
  Split support values:          HN_paramyxo.translated_blastp_mafftdash-cut.fasta.splits.nex
  Consensus tree:                HN_paramyxo.translated_blastp_mafftdash-cut.fasta.contree
  Screen log file:               HN_paramyxo.translated_blastp_mafftdash-cut.fasta.log

Date and Time: Tue Mar 25 12:19:52 2025
