IQ-TREE multicore version 2.3.6 for MacOS ARM 64-bit built Jul 30 2024
Developed by Bui Quang Minh, Nguyen Lam Tung, Olga Chernomor, Heiko Schmidt,
Dominik Schrempf, Michael Woodhams, Ly Trong Nhan, Thomas Wong

Host:    Stephanie-Mac-Studio.local (SSE4.2, 64 GB RAM)
Command: iqtree2 -s L_paramyxo.translated_blastp_mafftdash-cut.fasta -B 1000 -alrt 1000 --redo -T AUTO
Seed:    800094 (Using SPRNG - Scalable Parallel Random Number Generator)
Time:    Tue Mar 25 11:20:11 2025
Kernel:  SSE2 - auto-detect threads (10 CPU cores detected)

Reading alignment file L_paramyxo.translated_blastp_mafftdash-cut.fasta ... Fasta format detected
Reading fasta file: done in 0.00252986 secs using 90.91% CPU
Alignment most likely contains protein sequences
Alignment has 96 sequences with 2672 columns, 2357 distinct patterns
2110 parsimony-informative, 131 singleton sites, 431 constant sites
                                                              Gap/Ambiguity  Composition  p-value
Analyzing sequences: done in 0.000144958 secs using 265.6% CPU
   1  ON637881_Pigeon-paramyxovirus-1                                18.00%    passed     25.49%
   2  MK677431_Avian-metaavulavirus-22                               16.80%    passed     87.61%
   3  MK677431_Avian-metaavulavirus-21                               16.80%    passed     87.53%
   4  OQ236149_Tiger-orthorubulavirus                                16.73%    passed     63.85%
   5  PP990581_Bat-paramyxovirus_Miniopterus-fuliginosus             17.93%    failed      0.03%
   6  OL630969_Bat-paramyxovirus_Hipposideros-armiger                18.08%    failed      0.00%
   7  MG203876_Bat-paramyxovirus_Miniopterus-griveaudi               33.79%    passed     15.44%
   8  MT062420_Achimota-pararubulavirus-3                            16.13%    passed     52.07%
   9  KT749883_Porcine-parainfluenza-virus                           17.78%    passed      8.12%
  10  PP712035_Rousettus-bat-paramyxovirus                           16.50%    passed     75.08%
  11  KY100867_Orthorubulavirus-suis                                 16.73%    failed      0.05%
  12  PQ881840_Mammalian-orthorubulavirus-5_Pseudois-nayaur          16.73%    passed     71.13%
  13  MH370862_Mammalian-orthorubulavirus-5_Panthera-tigris-tigris   16.73%    passed     71.25%
  14  MK028670_Mammalian-orthorubulavirus-5_Porcine                  16.73%    passed     74.08%
  15  MG921602_Mammalian-orthorubulavirus-5_Pangolin                 16.73%    passed     70.05%
  16  MT604001_Mammalian-orthorubulavirus-5_dog                      16.73%    passed     66.85%
  17  HQ660095_Bat                                                   16.50%    passed     81.25%
  18  MZ328287_Wufeng-Rhinolophus-sinicus-rubulavirus-1              15.42%    passed     15.30%
  19  MZ355765_Eptesicus_fuscus                                      16.35%    passed     35.72%
  20  AB040874_Mumps_orthorubul                                      16.50%    passed     77.68%
  21  AB195968_Respirovirus_mur                                      17.78%    passed     10.84%
  22  AB543336_Human_parainflue                                      16.13%    failed      0.77%
  23  AF014953_Canine_distemper                                      18.45%    passed     41.32%
  24  AF017149_Hendra_virus                                          16.13%    passed     10.15%
  25  AF052755_Parainfluenza_vi                                      16.73%    passed     66.36%
  26  AF079780_Tupaia_paramyxov                                      15.23%    failed      3.25%
  27  AF178654_Bovine_parainflu                                      17.63%    failed      0.62%
  28  AF212302_Nipah_virus                                           16.13%    passed      7.99%
  29  AF298895_Tioman_virus                                          16.13%    passed     50.18%
  30  AF457102_Human_parainflue                                      17.78%    failed      1.94%
  31  AJ608288_Dolphin_morbilli                                      18.45%    passed     31.63%
  32  AJ849636_Peste_des_petits                                      18.45%    passed      5.03%
  33  AY141760_Fer-de-lance_vir                                      18.49%    failed      2.09%
  34  AY286409_Mossman_virus                                         17.70%    passed     10.21%
  35  AY562991_Newcastle_diseas                                      18.00%    passed      7.42%
  36  AY900001_J-virus                                               17.93%    failed      0.60%
  37  BK005918_La_Piedad_Michoa                                      16.73%    failed      0.04%
  38  DQ100461_Beilong_virus                                         18.90%    passed     21.14%
  39  EF095490_Mapuera_virus                                         16.73%    passed     18.59%
  40  EF569970_Avian_paramyxovi                                      16.35%    failed      0.52%
  41  EU156171_Atlantic_salmon_                                      17.78%    failed      0.00%
  42  EU326526_Human_parainflue                                      17.63%    failed      0.09%
  43  EU338414_Avian_paramyxovi                                      16.35%    failed      0.24%
  44  EU782025_Avian_paramyxovi                                      18.08%    failed      1.54%
  45  EU877976_Avian_paramyxovi                                      17.55%    failed      0.59%
  46  EU910942_Avian_paramyxovi                                      17.89%    passed      5.62%
  47  FJ215863_Avian_paramyxovi                                      16.35%    passed     74.71%
  48  FJ231524_Avian_paramyxovi                                      16.80%    passed     19.10%
  49  FJ362497_Nariva_virus                                          17.70%    failed      3.01%
  50  GU128080_Tuhoko_virus_1                                        16.09%    passed     32.53%
  51  GU128081_Tuhoko_virus_2                                        16.28%    passed     80.42%
  52  GU128082_Tuhoko_virus_3                                        16.21%    passed     73.76%
  53  GU206351_Avian_paramyxovi                                      15.53%    passed     20.93%
  54  HM147142_Avian_paramyxovi                                      16.43%    passed     24.64%
  55  HQ660129_Bat_Paramyxoviru                                      15.98%    failed      1.62%
  56  JN689227_Tailam_virus                                          18.90%    passed      8.31%
  57  JQ411014_Feline_morbilliv                                      17.78%    passed     33.04%
  58  JQ697837_Salem_virus                                           16.80%    passed     20.99%
  59  JQ886184_Avian_paramyxovi                                      16.13%    passed     62.07%
  60  JX051319_Achimota_virus_1                                      16.28%    passed     94.11%
  61  JX051320_Achimota_virus_2                                      15.98%    passed     27.30%
  62  JX112711_Menangle_virus                                        16.21%    passed     92.07%
  63  JX857409_Porcine_parainfl                                      17.78%    passed      5.34%
  64  KC333050_Avian_paramyxovi                                      18.00%    passed     72.89%
  65  KC802221_Phocine_distempe                                      18.45%    passed     82.10%
  66  KF278639_Mojiang_virus                                         15.08%    passed     10.50%
  67  KF774436_Sosuga_virus                                          16.21%    passed     97.29%
  68  KP271124_Teviot_virus                                          16.13%    passed     49.68%
  69  KT215610_Caprine_parainfl                                      17.55%    failed      2.20%
  70  KX258200_Avian_paramyxovi                                      16.28%    passed      6.54%
  71  KX932454_Avian_paramyxovi                                      17.25%    passed     67.02%
  72  KY452442_Antarctic_pengui                                      17.78%    failed      0.27%
  73  KY452443_Antarctic_pengui                                      17.78%    failed      2.73%
  74  KY452444_Antarctic_pengui                                      17.78%    passed      7.52%
  75  KY511044_Avian_paramyxovi                                      18.00%    passed     28.30%
  76  LC041132_Avian_paramyxovi                                      18.00%    passed     26.89%
  77  LS992584_Giant_squirrel_r                                      17.78%    passed      9.30%
  78  MF033136_Avian_paramyxovi                                      16.28%    passed     11.03%
  79  MF594598_Avian_paramyxovi                                      17.93%    failed      0.04%
  80  MF943130_Bank_vole_virus_                                      17.59%    passed     37.18%
  81  MG230624_Shaan_virus                                           17.93%    failed      0.03%
  82  MG516455_Pohorje_myodes_p                                      18.30%    failed      1.64%
  83  MG573140_Mount_Mabu_Lophu                                      18.82%    failed      0.83%
  84  MG573141_Mount_Mabu_Lophu                                      18.30%    failed      0.73%
  85  MH828709_Human_parainflue                                      16.13%    failed      1.08%
  86  MH900516_Pacific_salmon_p                                      17.78%    failed      0.00%
  87  MH972568_Alston_virus                                          16.73%    passed     94.68%
  88  MN306032_Human_parainflue                                      16.13%    failed      0.16%
  89  MN630055_Mumps_virus                                           16.50%    passed     77.42%
  90  PP189887_Parainfluenza_vi                                      16.73%    passed     60.62%
  91  PQ621733_Human_orthorubul                                      16.50%    passed     22.94%
  92  X57559_Parainfluenza_type                                      16.54%    passed     44.17%
  93  X64275_Simian_parainfluen                                      16.28%    passed     76.94%
  94  X98291_Rinderpest_virus                                        18.45%    passed     22.60%
  95  NC_001498_Measles                                              18.45%    passed      5.97%
  96  JQ001776_Cedar_virus                                            6.70%    failed      0.00%
****  TOTAL                                                          17.17%  30 sequences failed composition chi2 test (p-value<5%; df=19)


Create initial parsimony tree by phylogenetic likelihood library (PLL)... 0.046 seconds
Measuring multi-threading efficiency up to 10 CPU cores
7 trees examined
Threads: 1 / Time: 10.909 sec / Speedup: 1.000 / Efficiency: 100% / LogL: -389323
Threads: 2 / Time: 7.086 sec / Speedup: 1.539 / Efficiency: 77% / LogL: -389323
Threads: 3 / Time: 4.938 sec / Speedup: 2.209 / Efficiency: 74% / LogL: -389323
Threads: 4 / Time: 4.178 sec / Speedup: 2.611 / Efficiency: 65% / LogL: -389323
Threads: 5 / Time: 4.116 sec / Speedup: 2.651 / Efficiency: 53% / LogL: -389323
Threads: 6 / Time: 3.869 sec / Speedup: 2.820 / Efficiency: 47% / LogL: -389323
BEST NUMBER OF THREADS: 4

Perform fast likelihood tree search using LG+I+G model...
Estimate model parameters (epsilon = 5.000)
Perform nearest neighbor interchange...
Estimate model parameters (epsilon = 1.000)
1. Initial log-likelihood: -228939.066
Optimal log-likelihood: -228938.923
Proportion of invariable sites: 0.062
Gamma shape alpha: 0.945
Parameters optimization took 1 rounds (1.814 sec)
Time for fast ML tree search: 19.649 seconds

NOTE: ModelFinder requires 361 MB RAM!
ModelFinder will test up to 1232 protein models (sample size: 2672 epsilon: 0.100) ...
 No. Model         -LnL         df  AIC          AICc         BIC
  1  LG            245825.340   189 492028.680   492057.616   493142.000
  2  LG+I          242439.382   190 485258.764   485288.018   486377.974
  3  LG+G4         229230.186   190 458840.371   458869.626   459959.582
  4  LG+I+G4       228938.938   191 458259.876   458289.451   459384.978
  5  LG+R2         232822.022   191 466026.043   466055.618   467151.145
  6  LG+R3         230189.729   193 460765.457   460795.677   461902.340
  7  LG+R4         229176.858   195 458743.716   458774.589   459892.380
  8  LG+R5         228766.374   197 457926.748   457958.281   459087.193
  9  LG+R6         228597.766   199 457593.532   457625.733   458765.758
 10  LG+R7         228571.594   201 457545.188   457578.064   458729.195
 11  LG+R8         228551.950   203 457509.900   457543.460   458705.689
 12  LG+R9         228551.334   205 457512.668   457546.918   458720.238
 14  LG+I+R2       231724.121   192 463832.242   463862.137   464963.233
 15  LG+I+R3       229540.219   194 459468.439   459498.984   460611.212
 16  LG+I+R4       228890.692   196 458173.384   458204.586   459327.939
 17  LG+I+R5       228644.872   198 457685.745   457717.611   458852.080
 18  LG+I+R6       228579.447   200 457558.894   457591.431   458737.010
 19  LG+I+R7       228558.469   202 457520.937   457554.154   458710.835
 20  LG+I+R8       228556.783   204 457521.565   457555.469   458723.244
 33  LG+F+R8       227373.049   222 455190.099   455230.528   456497.808
 41  LG+F+I+R7     227377.674   221 455197.348   455237.399   456499.167
 55  WAG+R8        230524.233   203 461454.467   461488.026   462650.255
 63  WAG+I+R7      230518.658   202 461441.315   461474.532   462631.213
 77  WAG+F+R8      228918.029   222 458280.059   458320.488   459587.768
 85  WAG+F+I+R7    228914.970   221 458271.939   458311.990   459573.758
 99  JTT+R8        231166.594   203 462739.189   462772.748   463934.977
107  JTT+I+R7      231165.135   202 462734.269   462767.486   463924.167
121  JTT+F+R8      229655.390   222 459754.780   459795.210   461062.489
129  JTT+F+I+R7    229654.900   221 459751.800   459791.851   461053.619
WARNING: Normalizing state frequencies so that sum of them equals to 1
143  Q.pfam+R8     228779.697   203 457965.394   457998.953   459161.182
WARNING: Normalizing state frequencies so that sum of them equals to 1
151  Q.pfam+I+R7   228782.837   202 457969.674   458002.891   459159.572
WARNING: Normalizing state frequencies so that sum of them equals to 1
165  Q.pfam+F+R8   227502.027   222 455448.053   455488.483   456755.763
WARNING: Normalizing state frequencies so that sum of them equals to 1
173  Q.pfam+F+I+R7 227505.666   221 455453.332   455493.383   456755.151
WARNING: Normalizing state frequencies so that sum of them equals to 1
187  Q.bird+R8     235578.175   203 471562.349   471595.909   472758.138
WARNING: Normalizing state frequencies so that sum of them equals to 1
195  Q.bird+I+R7   235584.071   202 471572.142   471605.359   472762.040
WARNING: Normalizing state frequencies so that sum of them equals to 1
209  Q.bird+F+R8   234099.246   222 468642.493   468682.922   469950.202
WARNING: Normalizing state frequencies so that sum of them equals to 1
217  Q.bird+F+I+R7 234110.400   221 468662.800   468702.851   469964.619
WARNING: Normalizing state frequencies so that sum of them equals to 1
231  Q.mammal+R8   233726.048   203 467858.095   467891.655   469053.884
WARNING: Normalizing state frequencies so that sum of them equals to 1
239  Q.mammal+I+R7 233734.593   202 467873.186   467906.402   469063.083
WARNING: Normalizing state frequencies so that sum of them equals to 1
253  Q.mammal+F+R8 232283.776   222 465011.552   465051.981   466319.261
WARNING: Normalizing state frequencies so that sum of them equals to 1
261  Q.mammal+F+I+R7 232292.258   221 465026.515   465066.566   466328.334
275  Q.insect+R8   227905.762   203 456217.525   456251.084   457413.313
283  Q.insect+I+R7 227919.575   202 456243.151   456276.367   457433.048
297  Q.insect+F+R8 227634.211   222 455712.422   455752.852   457020.131
305  Q.insect+F+I+R7 227640.221   221 455722.442   455762.493   457024.261
WARNING: Normalizing state frequencies so that sum of them equals to 1
319  Q.plant+R8    230940.533   203 462287.067   462320.626   463482.855
WARNING: Normalizing state frequencies so that sum of them equals to 1
327  Q.plant+I+R7  230948.164   202 462300.327   462333.544   463490.225
WARNING: Normalizing state frequencies so that sum of them equals to 1
341  Q.plant+F+R8  230005.789   222 460455.577   460496.007   461763.287
WARNING: Normalizing state frequencies so that sum of them equals to 1
349  Q.plant+F+I+R7 230010.914   221 460463.828   460503.879   461765.647
WARNING: Normalizing state frequencies so that sum of them equals to 1
363  Q.yeast+R8    227811.914   203 456029.828   456063.387   457225.616
WARNING: Normalizing state frequencies so that sum of them equals to 1
371  Q.yeast+I+R7  227813.363   202 456030.725   456063.942   457220.623
WARNING: Normalizing state frequencies so that sum of them equals to 1
385  Q.yeast+F+R8  227106.383   222 454656.766   454697.196   455964.475
WARNING: Normalizing state frequencies so that sum of them equals to 1
393  Q.yeast+F+I+R7 227108.405   221 454658.811   454698.861   455960.630
407  JTTDCMut+R8   231145.727   203 462697.455   462731.014   463893.243
415  JTTDCMut+I+R7 231145.315   202 462694.631   462727.848   463884.529
429  JTTDCMut+F+R8 229623.094   222 459690.189   459730.618   460997.898
437  JTTDCMut+F+I+R7 229623.198   221 459688.396   459728.447   460990.215
451  DCMut+R8      233435.592   203 467277.184   467310.743   468472.972
459  DCMut+I+R7    233428.610   202 467261.220   467294.436   468451.117
473  DCMut+F+R8    230636.053   222 461716.106   461756.536   463023.815
481  DCMut+F+I+R7  230630.428   221 461702.856   461742.907   463004.675
495  VT+R8         230058.862   203 460523.724   460557.283   461719.512
503  VT+I+R7       230057.103   202 460518.206   460551.422   461708.103
517  VT+F+R8       228984.420   222 458412.840   458453.269   459720.549
525  VT+F+I+R7     228982.449   221 458406.897   458446.948   459708.716
539  PMB+R8        231061.604   203 462529.208   462562.767   463724.996
547  PMB+I+R7      231062.012   202 462528.025   462561.241   463717.922
561  PMB+F+R8      230237.970   222 460919.940   460960.369   462227.649
569  PMB+F+I+R7    230237.469   221 460916.937   460956.988   462218.756
583  Blosum62+R8   230901.474   203 462208.948   462242.507   463404.736
591  Blosum62+I+R7 230902.375   202 462208.750   462241.966   463398.647
605  Blosum62+F+R8 229865.660   222 460175.319   460215.749   461483.028
613  Blosum62+F+I+R7 229864.273   221 460170.546   460210.596   461472.364
627  Dayhoff+R8    233435.232   203 467276.464   467310.023   468472.252
635  Dayhoff+I+R7  233430.057   202 467264.114   467297.331   468454.012
649  Dayhoff+F+R8  230635.111   222 461714.223   461754.652   463021.932
657  Dayhoff+F+I+R7 230630.756   221 461703.512   461743.563   463005.331
671  mtREV+R8      238872.647   203 478151.294   478184.853   479347.082
679  mtREV+I+R7    238880.335   202 478164.669   478197.886   479354.567
693  mtREV+F+R8    232243.570   222 464931.140   464971.570   466238.850
701  mtREV+F+I+R7  232250.876   221 464943.752   464983.803   466245.571
715  mtART+R8      239214.957   203 478835.915   478869.474   480031.703
723  mtART+I+R7    239239.563   202 478883.126   478916.343   480073.024
737  mtART+F+R8    231957.476   222 464358.952   464399.381   465666.661
745  mtART+F+I+R7  231964.876   221 464371.752   464411.802   465673.571
759  mtZOA+R8      235325.998   203 471057.997   471091.556   472253.785
767  mtZOA+I+R7    235340.952   202 471085.905   471119.122   472275.803
781  mtZOA+F+R8    229948.726   222 460341.451   460381.881   461649.160
789  mtZOA+F+I+R7  229953.727   221 460349.454   460389.505   461651.273
803  mtMet+R8      238128.945   203 476663.889   476697.448   477859.677
811  mtMet+I+R7    238134.884   202 476673.768   476706.985   477863.666
825  mtMet+F+R8    231512.767   222 463469.535   463509.964   464777.244
833  mtMet+F+I+R7  231509.868   221 463461.735   463501.786   464763.554
847  mtVer+R8      241556.839   203 483519.678   483553.237   484715.467
855  mtVer+I+R7    241578.550   202 483561.100   483594.317   484750.998
869  mtVer+F+R8    235385.454   222 471214.907   471255.337   472522.616
877  mtVer+F+I+R7  235396.435   221 471234.870   471274.921   472536.689
891  mtInv+R8      238460.978   203 477327.957   477361.516   478523.745
899  mtInv+I+R7    238460.052   202 477324.104   477357.320   478514.001
913  mtInv+F+R8    229724.367   222 459892.733   459933.163   461200.443
921  mtInv+F+I+R7  229722.266   221 459886.531   459926.582   461188.350
935  mtMAM+R8      243594.221   203 487594.443   487628.002   488790.231
943  mtMAM+I+R7    243619.728   202 487643.456   487676.673   488833.354
957  mtMAM+F+R8    236554.615   222 473553.231   473593.660   474860.940
965  mtMAM+F+I+R7  236575.376   221 473592.752   473632.803   474894.571
WARNING: Normalizing state frequencies so that sum of them equals to 1
979  FLAVI+R8      240041.246   203 480488.491   480522.051   481684.280
WARNING: Normalizing state frequencies so that sum of them equals to 1
987  FLAVI+I+R7    240058.758   202 480521.515   480554.732   481711.413
WARNING: Normalizing state frequencies so that sum of them equals to 1
1001  FLAVI+F+R8    237624.679   222 475693.357   475733.787   477001.066
WARNING: Normalizing state frequencies so that sum of them equals to 1
1009  FLAVI+F+I+R7  237633.644   221 475709.288   475749.338   477011.106
1023  HIVb+R8       235732.693   203 471871.386   471904.945   473067.174
1031  HIVb+I+R7     235737.092   202 471878.184   471911.401   473068.082
1045  HIVb+F+R8     234392.640   222 469229.280   469269.709   470536.989
1053  HIVb+F+I+R7   234396.483   221 469234.967   469275.018   470536.786
1067  HIVw+R8       244614.469   203 489634.939   489668.498   490830.727
1075  HIVw+I+R7     244625.832   202 489655.664   489688.881   490845.562
1089  HIVw+F+R8     240580.832   222 481605.664   481646.094   482913.373
1097  HIVw+F+I+R7   240592.577   221 481627.153   481667.204   482928.972
1111  FLU+R8        233826.735   203 468059.469   468093.028   469255.258
1119  FLU+I+R7      233845.017   202 468094.035   468127.251   469283.932
1133  FLU+F+R8      232931.472   222 466306.944   466347.374   467614.654
1141  FLU+F+I+R7    232949.019   221 466340.037   466380.088   467641.856
1155  rtREV+R8      229849.960   203 460105.920   460139.480   461301.709
1163  rtREV+I+R7    229855.843   202 460115.686   460148.903   461305.584
1177  rtREV+F+R8    227675.496   222 455794.992   455835.422   457102.702
1185  rtREV+F+I+R7  227676.521   221 455795.041   455835.092   457096.860
1199  cpREV+R8      230873.712   203 462153.423   462186.983   463349.212
1207  cpREV+I+R7    230875.085   202 462154.170   462187.387   463344.068
1221  cpREV+F+R8    230182.321   222 460808.643   460849.072   462116.352
1229  cpREV+F+I+R7  230180.525   221 460803.050   460843.101   462104.869
Akaike Information Criterion:           Q.yeast+F+R8
Corrected Akaike Information Criterion: Q.yeast+F+R8
Bayesian Information Criterion:         Q.yeast+F+I+R7
Best-fit model: Q.yeast+F+I+R7 chosen according to BIC

All model information printed to L_paramyxo.translated_blastp_mafftdash-cut.fasta.model.gz
CPU time for ModelFinder: 37862.599 seconds (10h:31m:2s)
Wall-clock time for ModelFinder: 12419.545 seconds (3h:26m:59s)
Generating 1000 samples for ultrafast bootstrap (seed: 800094)...
WARNING: Normalizing state frequencies so that sum of them equals to 1

NOTE: 255 MB RAM (0 GB) is required!
Estimate model parameters (epsilon = 0.100)
1. Initial log-likelihood: -227153.478
2. Current log-likelihood: -227108.245
3. Current log-likelihood: -227107.489
Optimal log-likelihood: -227107.396
Proportion of invariable sites: 0.051
Site proportion and rates:  (0.084,0.048) (0.148,0.179) (0.178,0.416) (0.190,0.788) (0.169,1.398) (0.102,2.304) (0.077,3.568)
Parameters optimization took 3 rounds (32.037 sec)
Wrote distance file to... 
Computing ML distances based on estimated model parameters...
Calculating distance matrix: done in 1.73533 secs using 390.2% CPU
Computing ML distances took 1.735743 sec (of wall-clock time) 6.772067 sec (of CPU time)
Setting up auxiliary I and S matrices: done in 0.00010705 secs using 169.1% CPU
Computing RapidNJ tree took 0.004506 sec (of wall-clock time) 0.003746 sec (of CPU time)
Log-likelihood of RapidNJ tree: -227181.282
--------------------------------------------------------------------
|             INITIALIZING CANDIDATE TREE SET                      |
--------------------------------------------------------------------
Generating 98 parsimony trees... 5.376 second
Computing log-likelihood of 98 initial trees ... 79.688 seconds
Current best score: -227107.396

Do NNI search on 20 best initial trees
Estimate model parameters (epsilon = 0.100)
BETTER TREE FOUND at iteration 1: -227104.161
Estimate model parameters (epsilon = 0.100)
BETTER TREE FOUND at iteration 2: -227101.437
Estimate model parameters (epsilon = 0.100)
UPDATE BEST LOG-LIKELIHOOD: -227101.370
BETTER TREE FOUND at iteration 4: -227101.363
Iteration 10 / LogL: -227104.161 / Time: 3h:33m:31s
Iteration 20 / LogL: -227104.161 / Time: 3h:37m:40s
Finish initializing candidate tree set (7)
Current best tree score: -227101.363 / CPU time: 592.958
Number of iterations: 20
--------------------------------------------------------------------
|               OPTIMIZING CANDIDATE TREE SET                      |
--------------------------------------------------------------------
Iteration 30 / LogL: -227104.165 / Time: 3h:42m:8s (0h:38m:39s left)
Iteration 40 / LogL: -227105.484 / Time: 3h:45m:50s (0h:30m:56s left)
Iteration 50 / LogL: -227103.653 / Time: 3h:49m:35s (0h:24m:54s left)
Log-likelihood cutoff on original alignment: -227172.825
UPDATE BEST LOG-LIKELIHOOD: -227101.362
Iteration 60 / LogL: -227101.364 / Time: 3h:53m:19s (0h:19m:38s left)
Iteration 70 / LogL: -227107.884 / Time: 3h:57m:16s (0h:14m:55s left)
Iteration 80 / LogL: -227102.836 / Time: 4h:1m:12s (0h:10m:23s left)
Iteration 90 / LogL: -227101.365 / Time: 4h:5m:12s (0h:6m:0s left)
Iteration 100 / LogL: -227101.365 / Time: 4h:8m:35s (0h:1m:40s left)
Log-likelihood cutoff on original alignment: -227171.186
NOTE: Bootstrap correlation coefficient of split occurrence frequencies: 0.999
TREE SEARCH COMPLETED AFTER 105 ITERATIONS / Time: 4h:10m:32s

--------------------------------------------------------------------
|                    FINALIZING TREE SEARCH                        |
--------------------------------------------------------------------
Performs final model parameters optimization
Estimate model parameters (epsilon = 0.010)
1. Initial log-likelihood: -227101.362
2. Current log-likelihood: -227101.345
Optimal log-likelihood: -227101.341
Proportion of invariable sites: 0.051
Site proportion and rates:  (0.084,0.047) (0.147,0.178) (0.177,0.411) (0.194,0.788) (0.172,1.411) (0.103,2.357) (0.072,3.624)
Parameters optimization took 2 rounds (11.122 sec)
BEST SCORE FOUND : -227101.341

Testing tree branches by SH-like aLRT with 1000 replicates...
3.984 sec.
Creating bootstrap support values...
Split supports printed to NEXUS file L_paramyxo.translated_blastp_mafftdash-cut.fasta.splits.nex
Total tree length: 46.643

Total number of iterations: 105
CPU time used for tree search: 7909.811 sec (2h:11m:49s)
Wall-clock time used for tree search: 2564.762 sec (0h:42m:44s)
Total CPU time used: 45973.502 sec (12h:46m:13s)
Total wall-clock time used: 15047.556 sec (4h:10m:47s)

Computing bootstrap consensus tree...
Reading input file L_paramyxo.translated_blastp_mafftdash-cut.fasta.splits.nex...
96 taxa and 255 splits.
Consensus tree written to L_paramyxo.translated_blastp_mafftdash-cut.fasta.contree
Reading input trees file L_paramyxo.translated_blastp_mafftdash-cut.fasta.contree
Log-likelihood of consensus tree: -319965.867

Analysis results written to: 
  IQ-TREE report:                L_paramyxo.translated_blastp_mafftdash-cut.fasta.iqtree
  Maximum-likelihood tree:       L_paramyxo.translated_blastp_mafftdash-cut.fasta.treefile
  Likelihood distances:          L_paramyxo.translated_blastp_mafftdash-cut.fasta.mldist

Ultrafast bootstrap approximation results written to:
  Split support values:          L_paramyxo.translated_blastp_mafftdash-cut.fasta.splits.nex
  Consensus tree:                L_paramyxo.translated_blastp_mafftdash-cut.fasta.contree
  Screen log file:               L_paramyxo.translated_blastp_mafftdash-cut.fasta.log

Date and Time: Tue Mar 25 15:32:01 2025
